
Showing logs for build [32mcb-kubecd-environment-pr-206-33-2fhw8-1[0m stage [32mfrom-build-pack[0m and container [32mstep-credential-initializer-qmntk[0m
{"level":"info","ts":1587538719.5107248,"logger":"fallback-logger","caller":"logging/config.go:69","msg":"Fetch GitHub commit ID from kodata failed: open /var/run/ko/refs/heads/0.8.0-ns-support: no such file or directory"}
{"level":"info","ts":1587538719.5113952,"logger":"fallback-logger","caller":"creds-init/main.go:40","msg":"Credentials initialized."}

Showing logs for build [32mcb-kubecd-environment-pr-206-33-2fhw8-1[0m stage [32mfrom-build-pack[0m and container [32mstep-working-dir-initializer-4tv6b[0m
{"level":"info","ts":1587538720.5356643,"logger":"fallback-logger","caller":"logging/config.go:69","msg":"Fetch GitHub commit ID from kodata failed: open /var/run/ko/HEAD: no such file or directory"}
{"level":"info","ts":1587538720.5374177,"logger":"fallback-logger","caller":"bash/main.go:64","msg":"Successfully executed command \"sh -c mkdir -p /workspace/source\"; output "}

Showing logs for build [32mcb-kubecd-environment-pr-206-33-2fhw8-1[0m stage [32mfrom-build-pack[0m and container [32mstep-place-tools[0m

Showing logs for build [32mcb-kubecd-environment-pr-206-33-2fhw8-1[0m stage [32mfrom-build-pack[0m and container [32mstep-git-source-cb-kubecd-environment-pr-206-33-2fhw8-q9xmn[0m
{"level":"info","ts":1587538726.7047644,"logger":"fallback-logger","caller":"logging/config.go:69","msg":"Fetch GitHub commit ID from kodata failed: open /var/run/ko/refs/heads/0.8.0-ns-support: no such file or directory"}
{"level":"info","ts":1587538727.7532318,"logger":"fallback-logger","caller":"git/git.go:103","msg":"Successfully cloned https://github.com/cb-kubecd/environment-pr-206-33-boot-gke-staging.git @ master in path /workspace/source"}

Showing logs for build [32mcb-kubecd-environment-pr-206-33-2fhw8-1[0m stage [32mfrom-build-pack[0m and container [32mstep-git-merge[0m
Using SHAs from PULL_REFS=master:129ebcf9fecbc5a8e3731701bb474613b8f723dd,3:d26e76735381ed1f6b2a6441e1d07deee2168b64
DEBUG: LC_ALL=C JX_LOG_LEVEL=error git fetch origin --unshallow d26e76735381ed1f6b2a6441e1d07deee2168b64: 129ebcf9fecbc5a8e3731701bb474613b8f723dd:
DEBUG: ran git fetch --unshallow origin d26e76735381ed1f6b2a6441e1d07deee2168b64: 129ebcf9fecbc5a8e3731701bb474613b8f723dd: in 
DEBUG: LC_ALL=C JX_LOG_LEVEL=error git branch
DEBUG: LC_ALL=C JX_LOG_LEVEL=error git checkout master
DEBUG: ran git checkout master in 
DEBUG: LC_ALL=C JX_LOG_LEVEL=error git reset --hard 129ebcf9fecbc5a8e3731701bb474613b8f723dd
DEBUG: ran git reset --hard 129ebcf9fecbc5a8e3731701bb474613b8f723dd in 
DEBUG: LC_ALL=C JX_LOG_LEVEL=error git clean -fd .
DEBUG: ran clean --force -d . in 
DEBUG: LC_ALL=C JX_LOG_LEVEL=error git merge d26e76735381ed1f6b2a6441e1d07deee2168b64
DEBUG: ran git merge d26e76735381ed1f6b2a6441e1d07deee2168b64 in 
DEBUG: LC_ALL=C JX_LOG_LEVEL=error git log --format=%H%x1f%an%x1f%ae%x1f%cn%x1f%ce%x1f%s%n%b%x1e 129ebcf9fecbc5a8e3731701bb474613b8f723dd..HEAD
Merged SHA d26e76735381ed1f6b2a6441e1d07deee2168b64 with commit message 'chore: Promote bdd-nh-1587537788 to version 0.0.1' into base branch master

Showing logs for build [32mcb-kubecd-environment-pr-206-33-2fhw8-1[0m stage [32mfrom-build-pack[0m and container [32mstep-build-helm-build[0m
WARNING: No $CHART_REPOSITORY defined so using the default value of: http://jenkins-x-chartmuseum:8080
Adding missing Helm repo: storage.googleapis.com https://storage.googleapis.com/chartmuseum.jenkins-x.io
WARNING: No secrets found on "helm/repos" due: reading the secret "helm/repos" from vault: no secret "helm/repos" not found in vault
Read credentials for https://storage.googleapis.com/chartmuseum.jenkins-x.io from vault helm/repos
Successfully added Helm repository storage.googleapis.com.
Adding missing Helm repo: jenkins-x-chartmuseum http://jenkins-x-chartmuseum:8080
WARNING: No secrets found on "helm/repos" due: reading the secret "helm/repos" from vault: no secret "helm/repos" not found in vault
Read credentials for http://jenkins-x-chartmuseum:8080 from vault helm/repos
Successfully added Helm repository jenkins-x-chartmuseum.
WARNING: No $CHART_REPOSITORY defined so using the default value of: http://jenkins-x-chartmuseum:8080
Adding missing Helm repo: chartmuseum.jenkins-x.io http://chartmuseum.jenkins-x.io
WARNING: No secrets found on "helm/repos" due: reading the secret "helm/repos" from vault: no secret "helm/repos" not found in vault
Read credentials for http://chartmuseum.jenkins-x.io from vault helm/repos
Successfully added Helm repository chartmuseum.jenkins-x.io.
