
Showing logs for build [32mcb-kubecd-environment-pr-206-33-5x27b-1[0m stage [32mfrom-build-pack[0m and container [32mstep-credential-initializer-wdb85[0m
{"level":"info","ts":1587540901.324437,"logger":"fallback-logger","caller":"logging/config.go:69","msg":"Fetch GitHub commit ID from kodata failed: open /var/run/ko/refs/heads/0.8.0-ns-support: no such file or directory"}
{"level":"info","ts":1587540901.3281612,"logger":"fallback-logger","caller":"creds-init/main.go:40","msg":"Credentials initialized."}

Showing logs for build [32mcb-kubecd-environment-pr-206-33-5x27b-1[0m stage [32mfrom-build-pack[0m and container [32mstep-working-dir-initializer-z29tw[0m
{"level":"info","ts":1587540902.1979628,"logger":"fallback-logger","caller":"logging/config.go:69","msg":"Fetch GitHub commit ID from kodata failed: open /var/run/ko/HEAD: no such file or directory"}
{"level":"info","ts":1587540902.259366,"logger":"fallback-logger","caller":"bash/main.go:64","msg":"Successfully executed command \"sh -c mkdir -p /workspace/source\"; output "}

Showing logs for build [32mcb-kubecd-environment-pr-206-33-5x27b-1[0m stage [32mfrom-build-pack[0m and container [32mstep-place-tools[0m

Showing logs for build [32mcb-kubecd-environment-pr-206-33-5x27b-1[0m stage [32mfrom-build-pack[0m and container [32mstep-git-source-cb-kubecd-environment-pr-206-33-5x27b-chptv[0m
{"level":"info","ts":1587540905.8439038,"logger":"fallback-logger","caller":"logging/config.go:69","msg":"Fetch GitHub commit ID from kodata failed: open /var/run/ko/refs/heads/0.8.0-ns-support: no such file or directory"}
{"level":"info","ts":1587540906.906907,"logger":"fallback-logger","caller":"git/git.go:103","msg":"Successfully cloned https://github.com/cb-kubecd/environment-pr-206-33-boot-gke-staging.git @ master in path /workspace/source"}

Showing logs for build [32mcb-kubecd-environment-pr-206-33-5x27b-1[0m stage [32mfrom-build-pack[0m and container [32mstep-git-merge[0m
Using SHAs from PULL_REFS=master:83cb7798b4f58dbd5e6e2285569982a7776ae971,6:9704d37fb66289595d06a975fc37864c545acfd7
DEBUG: LC_ALL=C JX_LOG_LEVEL=error git fetch origin --unshallow 9704d37fb66289595d06a975fc37864c545acfd7: 83cb7798b4f58dbd5e6e2285569982a7776ae971:
DEBUG: ran git fetch --unshallow origin 9704d37fb66289595d06a975fc37864c545acfd7: 83cb7798b4f58dbd5e6e2285569982a7776ae971: in 
DEBUG: JX_LOG_LEVEL=error LC_ALL=C git branch
DEBUG: JX_LOG_LEVEL=error LC_ALL=C git checkout master
DEBUG: ran git checkout master in 
DEBUG: LC_ALL=C JX_LOG_LEVEL=error git reset --hard 83cb7798b4f58dbd5e6e2285569982a7776ae971
DEBUG: ran git reset --hard 83cb7798b4f58dbd5e6e2285569982a7776ae971 in 
DEBUG: LC_ALL=C JX_LOG_LEVEL=error git clean -fd .
DEBUG: ran clean --force -d . in 
DEBUG: JX_LOG_LEVEL=error LC_ALL=C git merge 9704d37fb66289595d06a975fc37864c545acfd7
DEBUG: ran git merge 9704d37fb66289595d06a975fc37864c545acfd7 in 
DEBUG: LC_ALL=C JX_LOG_LEVEL=error git log --format=%H%x1f%an%x1f%ae%x1f%cn%x1f%ce%x1f%s%n%b%x1e 83cb7798b4f58dbd5e6e2285569982a7776ae971..HEAD
Merged SHA 9704d37fb66289595d06a975fc37864c545acfd7 with commit message 'chore: Promote bdd-nh-import-1587540108 to version 0.0.1' into base branch master

Showing logs for build [32mcb-kubecd-environment-pr-206-33-5x27b-1[0m stage [32mfrom-build-pack[0m and container [32mstep-build-helm-build[0m
WARNING: No $CHART_REPOSITORY defined so using the default value of: http://jenkins-x-chartmuseum:8080
Adding missing Helm repo: storage.googleapis.com https://storage.googleapis.com/chartmuseum.jenkins-x.io
WARNING: No secrets found on "helm/repos" due: reading the secret "helm/repos" from vault: no secret "helm/repos" not found in vault
Read credentials for https://storage.googleapis.com/chartmuseum.jenkins-x.io from vault helm/repos
Successfully added Helm repository storage.googleapis.com.
Adding missing Helm repo: jenkins-x-chartmuseum http://jenkins-x-chartmuseum:8080
WARNING: No secrets found on "helm/repos" due: reading the secret "helm/repos" from vault: no secret "helm/repos" not found in vault
Read credentials for http://jenkins-x-chartmuseum:8080 from vault helm/repos
Successfully added Helm repository jenkins-x-chartmuseum.
WARNING: No $CHART_REPOSITORY defined so using the default value of: http://jenkins-x-chartmuseum:8080
Adding missing Helm repo: chartmuseum.jenkins-x.io http://chartmuseum.jenkins-x.io
WARNING: No secrets found on "helm/repos" due: reading the secret "helm/repos" from vault: no secret "helm/repos" not found in vault
Read credentials for http://chartmuseum.jenkins-x.io from vault helm/repos
Successfully added Helm repository chartmuseum.jenkins-x.io.
